<?xml version="1.0" encoding="UTF-8"?>
<testsuite xmlns:xsi="http://www.w3.org/2001/XMLSchema-instance" xsi:noNamespaceSchemaLocation="https://maven.apache.org/surefire/maven-surefire-plugin/xsd/surefire-test-report-3.0.xsd" version="3.0" name="TestSuite" time="13.249" tests="12" errors="0" skipped="0" failures="0">
  <properties>
    <property name="gopherProxySet" value="false"/>
    <property name="awt.toolkit" value="sun.lwawt.macosx.LWCToolkit"/>
    <property name="java.specification.version" value="11"/>
    <property name="webdriver.chrome.driver" value="/Users/rahul.kant/.m2/repository/webdriver/chromedriver/mac64/80.0.3987.106/chromedriver"/>
    <property name="sun.cpu.isalist" value=""/>
    <property name="sun.jnu.encoding" value="UTF-8"/>
    <property name="java.class.path" value="/Users/rahul.kant/eclipse-workspace/MavenDemoTest/target/test-classes:/Users/rahul.kant/eclipse-workspace/MavenDemoTest/target/classes:/Users/rahul.kant/.m2/repository/io/github/bonigarcia/webdrivermanager/3.8.1/webdrivermanager-3.8.1.jar:/Users/rahul.kant/.m2/repository/org/slf4j/slf4j-api/1.7.25/slf4j-api-1.7.25.jar:/Users/rahul.kant/.m2/repository/commons-io/commons-io/2.6/commons-io-2.6.jar:/Users/rahul.kant/.m2/repository/com/google/code/gson/gson/2.8.5/gson-2.8.5.jar:/Users/rahul.kant/.m2/repository/org/apache/commons/commons-lang3/3.8.1/commons-lang3-3.8.1.jar:/Users/rahul.kant/.m2/repository/org/apache/httpcomponents/httpclient/4.5.6/httpclient-4.5.6.jar:/Users/rahul.kant/.m2/repository/org/apache/httpcomponents/httpcore/4.4.10/httpcore-4.4.10.jar:/Users/rahul.kant/.m2/repository/commons-logging/commons-logging/1.2/commons-logging-1.2.jar:/Users/rahul.kant/.m2/repository/commons-codec/commons-codec/1.10/commons-codec-1.10.jar:/Users/rahul.kant/.m2/repository/org/rauschig/jarchivelib/1.0.0/jarchivelib-1.0.0.jar:/Users/rahul.kant/.m2/repository/org/apache/commons/commons-compress/1.18/commons-compress-1.18.jar:/Users/rahul.kant/.m2/repository/org/jsoup/jsoup/1.11.3/jsoup-1.11.3.jar:/Users/rahul.kant/.m2/repository/org/testng/testng/6.9.10/testng-6.9.10.jar:/Users/rahul.kant/.m2/repository/com/beust/jcommander/1.48/jcommander-1.48.jar:/Users/rahul.kant/.m2/repository/org/beanshell/bsh/2.0b4/bsh-2.0b4.jar:/Users/rahul.kant/.m2/repository/org/seleniumhq/selenium/selenium-java/4.0.0-alpha-4/selenium-java-4.0.0-alpha-4.jar:/Users/rahul.kant/.m2/repository/org/seleniumhq/selenium/selenium-api/4.0.0-alpha-4/selenium-api-4.0.0-alpha-4.jar:/Users/rahul.kant/.m2/repository/org/seleniumhq/selenium/selenium-chrome-driver/4.0.0-alpha-4/selenium-chrome-driver-4.0.0-alpha-4.jar:/Users/rahul.kant/.m2/repository/com/google/auto/service/auto-service-annotations/1.0-rc6/auto-service-annotations-1.0-rc6.jar:/Users/rahul.kant/.m2/repository/com/google/auto/service/auto-service/1.0-rc6/auto-service-1.0-rc6.jar:/Users/rahul.kant/.m2/repository/com/google/auto/auto-common/0.10/auto-common-0.10.jar:/Users/rahul.kant/.m2/repository/org/seleniumhq/selenium/selenium-chromium-driver/4.0.0-alpha-4/selenium-chromium-driver-4.0.0-alpha-4.jar:/Users/rahul.kant/.m2/repository/org/seleniumhq/selenium/selenium-devtools/4.0.0-alpha-4/selenium-devtools-4.0.0-alpha-4.jar:/Users/rahul.kant/.m2/repository/org/seleniumhq/selenium/selenium-http/4.0.0-alpha-4/selenium-http-4.0.0-alpha-4.jar:/Users/rahul.kant/.m2/repository/org/seleniumhq/selenium/selenium-json/4.0.0-alpha-4/selenium-json-4.0.0-alpha-4.jar:/Users/rahul.kant/.m2/repository/org/seleniumhq/selenium/selenium-edge-driver/4.0.0-alpha-4/selenium-edge-driver-4.0.0-alpha-4.jar:/Users/rahul.kant/.m2/repository/org/seleniumhq/selenium/selenium-edgehtml-driver/4.0.0-alpha-4/selenium-edgehtml-driver-4.0.0-alpha-4.jar:/Users/rahul.kant/.m2/repository/org/seleniumhq/selenium/selenium-firefox-driver/4.0.0-alpha-4/selenium-firefox-driver-4.0.0-alpha-4.jar:/Users/rahul.kant/.m2/repository/org/seleniumhq/selenium/selenium-firefox-xpi-driver/4.0.0-alpha-4/selenium-firefox-xpi-driver-4.0.0-alpha-4.jar:/Users/rahul.kant/.m2/repository/org/seleniumhq/selenium/selenium-ie-driver/4.0.0-alpha-4/selenium-ie-driver-4.0.0-alpha-4.jar:/Users/rahul.kant/.m2/repository/org/seleniumhq/selenium/selenium-opera-driver/4.0.0-alpha-4/selenium-opera-driver-4.0.0-alpha-4.jar:/Users/rahul.kant/.m2/repository/org/seleniumhq/selenium/selenium-remote-driver/4.0.0-alpha-4/selenium-remote-driver-4.0.0-alpha-4.jar:/Users/rahul.kant/.m2/repository/com/squareup/okhttp3/okhttp/4.3.0/okhttp-4.3.0.jar:/Users/rahul.kant/.m2/repository/com/squareup/okio/okio/2.4.1/okio-2.4.1.jar:/Users/rahul.kant/.m2/repository/org/jetbrains/kotlin/kotlin-stdlib-common/1.3.50/kotlin-stdlib-common-1.3.50.jar:/Users/rahul.kant/.m2/repository/org/jetbrains/kotlin/kotlin-stdlib/1.3.61/kotlin-stdlib-1.3.61.jar:/Users/rahul.kant/.m2/repository/org/jetbrains/annotations/13.0/annotations-13.0.jar:/Users/rahul.kant/.m2/repository/com/typesafe/netty/netty-reactive-streams/2.0.4/netty-reactive-streams-2.0.4.jar:/Users/rahul.kant/.m2/repository/io/netty/netty-handler/4.1.43.Final/netty-handler-4.1.43.Final.jar:/Users/rahul.kant/.m2/repository/io/netty/netty-common/4.1.43.Final/netty-common-4.1.43.Final.jar:/Users/rahul.kant/.m2/repository/io/netty/netty-buffer/4.1.43.Final/netty-buffer-4.1.43.Final.jar:/Users/rahul.kant/.m2/repository/io/netty/netty-transport/4.1.43.Final/netty-transport-4.1.43.Final.jar:/Users/rahul.kant/.m2/repository/io/netty/netty-codec/4.1.43.Final/netty-codec-4.1.43.Final.jar:/Users/rahul.kant/.m2/repository/org/reactivestreams/reactive-streams/1.0.3/reactive-streams-1.0.3.jar:/Users/rahul.kant/.m2/repository/io/opentracing/opentracing-api/0.33.0/opentracing-api-0.33.0.jar:/Users/rahul.kant/.m2/repository/net/bytebuddy/byte-buddy/1.10.6/byte-buddy-1.10.6.jar:/Users/rahul.kant/.m2/repository/org/apache/commons/commons-exec/1.3/commons-exec-1.3.jar:/Users/rahul.kant/.m2/repository/org/asynchttpclient/async-http-client/2.10.4/async-http-client-2.10.4.jar:/Users/rahul.kant/.m2/repository/org/asynchttpclient/async-http-client-netty-utils/2.10.4/async-http-client-netty-utils-2.10.4.jar:/Users/rahul.kant/.m2/repository/io/netty/netty-codec-http/4.1.42.Final/netty-codec-http-4.1.42.Final.jar:/Users/rahul.kant/.m2/repository/io/netty/netty-codec-socks/4.1.42.Final/netty-codec-socks-4.1.42.Final.jar:/Users/rahul.kant/.m2/repository/io/netty/netty-handler-proxy/4.1.42.Final/netty-handler-proxy-4.1.42.Final.jar:/Users/rahul.kant/.m2/repository/io/netty/netty-transport-native-epoll/4.1.42.Final/netty-transport-native-epoll-4.1.42.Final-linux-x86_64.jar:/Users/rahul.kant/.m2/repository/io/netty/netty-transport-native-unix-common/4.1.42.Final/netty-transport-native-unix-common-4.1.42.Final.jar:/Users/rahul.kant/.m2/repository/io/netty/netty-transport-native-kqueue/4.1.42.Final/netty-transport-native-kqueue-4.1.42.Final-osx-x86_64.jar:/Users/rahul.kant/.m2/repository/io/netty/netty-resolver-dns/4.1.42.Final/netty-resolver-dns-4.1.42.Final.jar:/Users/rahul.kant/.m2/repository/io/netty/netty-resolver/4.1.42.Final/netty-resolver-4.1.42.Final.jar:/Users/rahul.kant/.m2/repository/io/netty/netty-codec-dns/4.1.42.Final/netty-codec-dns-4.1.42.Final.jar:/Users/rahul.kant/.m2/repository/com/sun/activation/javax.activation/1.2.0/javax.activation-1.2.0.jar:/Users/rahul.kant/.m2/repository/org/seleniumhq/selenium/selenium-safari-driver/4.0.0-alpha-4/selenium-safari-driver-4.0.0-alpha-4.jar:/Users/rahul.kant/.m2/repository/org/seleniumhq/selenium/selenium-support/4.0.0-alpha-4/selenium-support-4.0.0-alpha-4.jar:/Users/rahul.kant/.m2/repository/com/google/guava/guava/22.0/guava-22.0.jar:/Users/rahul.kant/.m2/repository/com/google/code/findbugs/jsr305/1.3.9/jsr305-1.3.9.jar:/Users/rahul.kant/.m2/repository/com/google/errorprone/error_prone_annotations/2.0.18/error_prone_annotations-2.0.18.jar:/Users/rahul.kant/.m2/repository/com/google/j2objc/j2objc-annotations/1.1/j2objc-annotations-1.1.jar:/Users/rahul.kant/.m2/repository/org/codehaus/mojo/animal-sniffer-annotations/1.14/animal-sniffer-annotations-1.14.jar:/Users/rahul.kant/.m2/repository/com/google/api-client/google-api-client-appengine/1.23.0/google-api-client-appengine-1.23.0.jar:/Users/rahul.kant/.m2/repository/com/google/oauth-client/google-oauth-client-appengine/1.23.0/google-oauth-client-appengine-1.23.0.jar:/Users/rahul.kant/.m2/repository/com/google/oauth-client/google-oauth-client/1.23.0/google-oauth-client-1.23.0.jar:/Users/rahul.kant/.m2/repository/com/google/oauth-client/google-oauth-client-servlet/1.23.0/google-oauth-client-servlet-1.23.0.jar:/Users/rahul.kant/.m2/repository/com/google/http-client/google-http-client-jdo/1.23.0/google-http-client-jdo-1.23.0.jar:/Users/rahul.kant/.m2/repository/com/google/api-client/google-api-client/1.23.0/google-api-client-1.23.0.jar:/Users/rahul.kant/.m2/repository/com/google/http-client/google-http-client-jackson2/1.23.0/google-http-client-jackson2-1.23.0.jar:/Users/rahul.kant/.m2/repository/com/fasterxml/jackson/core/jackson-core/2.1.3/jackson-core-2.1.3.jar:/Users/rahul.kant/.m2/repository/com/google/api-client/google-api-client-servlet/1.23.0/google-api-client-servlet-1.23.0.jar:/Users/rahul.kant/.m2/repository/javax/servlet/servlet-api/2.5/servlet-api-2.5.jar:/Users/rahul.kant/.m2/repository/javax/jdo/jdo2-api/2.3-eb/jdo2-api-2.3-eb.jar:/Users/rahul.kant/.m2/repository/javax/transaction/transaction-api/1.1/transaction-api-1.1.jar:/Users/rahul.kant/.m2/repository/com/google/http-client/google-http-client-appengine/1.23.0/google-http-client-appengine-1.23.0.jar:/Users/rahul.kant/.m2/repository/com/google/http-client/google-http-client/1.23.0/google-http-client-1.23.0.jar:"/>
    <property name="java.vm.vendor" value="Oracle Corporation"/>
    <property name="sun.arch.data.model" value="64"/>
    <property name="java.vendor.url" value="http://java.oracle.com/"/>
    <property name="user.timezone" value="Asia/Kolkata"/>
    <property name="java.vm.specification.version" value="11"/>
    <property name="os.name" value="Mac OS X"/>
    <property name="sun.java.launcher" value="SUN_STANDARD"/>
    <property name="user.country" value="IN"/>
    <property name="sun.boot.library.path" value="/Library/Java/JavaVirtualMachines/jdk-11.0.2.jdk/Contents/Home/lib"/>
    <property name="sun.java.command" value="/Users/rahul.kant/eclipse-workspace/MavenDemoTest/target/surefire/surefirebooter12314316372613386572.jar /Users/rahul.kant/eclipse-workspace/MavenDemoTest/target/surefire 2020-03-11T13-56-25_055-jvmRun1 surefire968602109844938515tmp surefire_015965771492629383874tmp"/>
    <property name="jdk.debug" value="release"/>
    <property name="surefire.test.class.path" value="/Users/rahul.kant/eclipse-workspace/MavenDemoTest/target/test-classes:/Users/rahul.kant/eclipse-workspace/MavenDemoTest/target/classes:/Users/rahul.kant/.m2/repository/io/github/bonigarcia/webdrivermanager/3.8.1/webdrivermanager-3.8.1.jar:/Users/rahul.kant/.m2/repository/org/slf4j/slf4j-api/1.7.25/slf4j-api-1.7.25.jar:/Users/rahul.kant/.m2/repository/commons-io/commons-io/2.6/commons-io-2.6.jar:/Users/rahul.kant/.m2/repository/com/google/code/gson/gson/2.8.5/gson-2.8.5.jar:/Users/rahul.kant/.m2/repository/org/apache/commons/commons-lang3/3.8.1/commons-lang3-3.8.1.jar:/Users/rahul.kant/.m2/repository/org/apache/httpcomponents/httpclient/4.5.6/httpclient-4.5.6.jar:/Users/rahul.kant/.m2/repository/org/apache/httpcomponents/httpcore/4.4.10/httpcore-4.4.10.jar:/Users/rahul.kant/.m2/repository/commons-logging/commons-logging/1.2/commons-logging-1.2.jar:/Users/rahul.kant/.m2/repository/commons-codec/commons-codec/1.10/commons-codec-1.10.jar:/Users/rahul.kant/.m2/repository/org/rauschig/jarchivelib/1.0.0/jarchivelib-1.0.0.jar:/Users/rahul.kant/.m2/repository/org/apache/commons/commons-compress/1.18/commons-compress-1.18.jar:/Users/rahul.kant/.m2/repository/org/jsoup/jsoup/1.11.3/jsoup-1.11.3.jar:/Users/rahul.kant/.m2/repository/org/testng/testng/6.9.10/testng-6.9.10.jar:/Users/rahul.kant/.m2/repository/com/beust/jcommander/1.48/jcommander-1.48.jar:/Users/rahul.kant/.m2/repository/org/beanshell/bsh/2.0b4/bsh-2.0b4.jar:/Users/rahul.kant/.m2/repository/org/seleniumhq/selenium/selenium-java/4.0.0-alpha-4/selenium-java-4.0.0-alpha-4.jar:/Users/rahul.kant/.m2/repository/org/seleniumhq/selenium/selenium-api/4.0.0-alpha-4/selenium-api-4.0.0-alpha-4.jar:/Users/rahul.kant/.m2/repository/org/seleniumhq/selenium/selenium-chrome-driver/4.0.0-alpha-4/selenium-chrome-driver-4.0.0-alpha-4.jar:/Users/rahul.kant/.m2/repository/com/google/auto/service/auto-service-annotations/1.0-rc6/auto-service-annotations-1.0-rc6.jar:/Users/rahul.kant/.m2/repository/com/google/auto/service/auto-service/1.0-rc6/auto-service-1.0-rc6.jar:/Users/rahul.kant/.m2/repository/com/google/auto/auto-common/0.10/auto-common-0.10.jar:/Users/rahul.kant/.m2/repository/org/seleniumhq/selenium/selenium-chromium-driver/4.0.0-alpha-4/selenium-chromium-driver-4.0.0-alpha-4.jar:/Users/rahul.kant/.m2/repository/org/seleniumhq/selenium/selenium-devtools/4.0.0-alpha-4/selenium-devtools-4.0.0-alpha-4.jar:/Users/rahul.kant/.m2/repository/org/seleniumhq/selenium/selenium-http/4.0.0-alpha-4/selenium-http-4.0.0-alpha-4.jar:/Users/rahul.kant/.m2/repository/org/seleniumhq/selenium/selenium-json/4.0.0-alpha-4/selenium-json-4.0.0-alpha-4.jar:/Users/rahul.kant/.m2/repository/org/seleniumhq/selenium/selenium-edge-driver/4.0.0-alpha-4/selenium-edge-driver-4.0.0-alpha-4.jar:/Users/rahul.kant/.m2/repository/org/seleniumhq/selenium/selenium-edgehtml-driver/4.0.0-alpha-4/selenium-edgehtml-driver-4.0.0-alpha-4.jar:/Users/rahul.kant/.m2/repository/org/seleniumhq/selenium/selenium-firefox-driver/4.0.0-alpha-4/selenium-firefox-driver-4.0.0-alpha-4.jar:/Users/rahul.kant/.m2/repository/org/seleniumhq/selenium/selenium-firefox-xpi-driver/4.0.0-alpha-4/selenium-firefox-xpi-driver-4.0.0-alpha-4.jar:/Users/rahul.kant/.m2/repository/org/seleniumhq/selenium/selenium-ie-driver/4.0.0-alpha-4/selenium-ie-driver-4.0.0-alpha-4.jar:/Users/rahul.kant/.m2/repository/org/seleniumhq/selenium/selenium-opera-driver/4.0.0-alpha-4/selenium-opera-driver-4.0.0-alpha-4.jar:/Users/rahul.kant/.m2/repository/org/seleniumhq/selenium/selenium-remote-driver/4.0.0-alpha-4/selenium-remote-driver-4.0.0-alpha-4.jar:/Users/rahul.kant/.m2/repository/com/squareup/okhttp3/okhttp/4.3.0/okhttp-4.3.0.jar:/Users/rahul.kant/.m2/repository/com/squareup/okio/okio/2.4.1/okio-2.4.1.jar:/Users/rahul.kant/.m2/repository/org/jetbrains/kotlin/kotlin-stdlib-common/1.3.50/kotlin-stdlib-common-1.3.50.jar:/Users/rahul.kant/.m2/repository/org/jetbrains/kotlin/kotlin-stdlib/1.3.61/kotlin-stdlib-1.3.61.jar:/Users/rahul.kant/.m2/repository/org/jetbrains/annotations/13.0/annotations-13.0.jar:/Users/rahul.kant/.m2/repository/com/typesafe/netty/netty-reactive-streams/2.0.4/netty-reactive-streams-2.0.4.jar:/Users/rahul.kant/.m2/repository/io/netty/netty-handler/4.1.43.Final/netty-handler-4.1.43.Final.jar:/Users/rahul.kant/.m2/repository/io/netty/netty-common/4.1.43.Final/netty-common-4.1.43.Final.jar:/Users/rahul.kant/.m2/repository/io/netty/netty-buffer/4.1.43.Final/netty-buffer-4.1.43.Final.jar:/Users/rahul.kant/.m2/repository/io/netty/netty-transport/4.1.43.Final/netty-transport-4.1.43.Final.jar:/Users/rahul.kant/.m2/repository/io/netty/netty-codec/4.1.43.Final/netty-codec-4.1.43.Final.jar:/Users/rahul.kant/.m2/repository/org/reactivestreams/reactive-streams/1.0.3/reactive-streams-1.0.3.jar:/Users/rahul.kant/.m2/repository/io/opentracing/opentracing-api/0.33.0/opentracing-api-0.33.0.jar:/Users/rahul.kant/.m2/repository/net/bytebuddy/byte-buddy/1.10.6/byte-buddy-1.10.6.jar:/Users/rahul.kant/.m2/repository/org/apache/commons/commons-exec/1.3/commons-exec-1.3.jar:/Users/rahul.kant/.m2/repository/org/asynchttpclient/async-http-client/2.10.4/async-http-client-2.10.4.jar:/Users/rahul.kant/.m2/repository/org/asynchttpclient/async-http-client-netty-utils/2.10.4/async-http-client-netty-utils-2.10.4.jar:/Users/rahul.kant/.m2/repository/io/netty/netty-codec-http/4.1.42.Final/netty-codec-http-4.1.42.Final.jar:/Users/rahul.kant/.m2/repository/io/netty/netty-codec-socks/4.1.42.Final/netty-codec-socks-4.1.42.Final.jar:/Users/rahul.kant/.m2/repository/io/netty/netty-handler-proxy/4.1.42.Final/netty-handler-proxy-4.1.42.Final.jar:/Users/rahul.kant/.m2/repository/io/netty/netty-transport-native-epoll/4.1.42.Final/netty-transport-native-epoll-4.1.42.Final-linux-x86_64.jar:/Users/rahul.kant/.m2/repository/io/netty/netty-transport-native-unix-common/4.1.42.Final/netty-transport-native-unix-common-4.1.42.Final.jar:/Users/rahul.kant/.m2/repository/io/netty/netty-transport-native-kqueue/4.1.42.Final/netty-transport-native-kqueue-4.1.42.Final-osx-x86_64.jar:/Users/rahul.kant/.m2/repository/io/netty/netty-resolver-dns/4.1.42.Final/netty-resolver-dns-4.1.42.Final.jar:/Users/rahul.kant/.m2/repository/io/netty/netty-resolver/4.1.42.Final/netty-resolver-4.1.42.Final.jar:/Users/rahul.kant/.m2/repository/io/netty/netty-codec-dns/4.1.42.Final/netty-codec-dns-4.1.42.Final.jar:/Users/rahul.kant/.m2/repository/com/sun/activation/javax.activation/1.2.0/javax.activation-1.2.0.jar:/Users/rahul.kant/.m2/repository/org/seleniumhq/selenium/selenium-safari-driver/4.0.0-alpha-4/selenium-safari-driver-4.0.0-alpha-4.jar:/Users/rahul.kant/.m2/repository/org/seleniumhq/selenium/selenium-support/4.0.0-alpha-4/selenium-support-4.0.0-alpha-4.jar:/Users/rahul.kant/.m2/repository/com/google/guava/guava/22.0/guava-22.0.jar:/Users/rahul.kant/.m2/repository/com/google/code/findbugs/jsr305/1.3.9/jsr305-1.3.9.jar:/Users/rahul.kant/.m2/repository/com/google/errorprone/error_prone_annotations/2.0.18/error_prone_annotations-2.0.18.jar:/Users/rahul.kant/.m2/repository/com/google/j2objc/j2objc-annotations/1.1/j2objc-annotations-1.1.jar:/Users/rahul.kant/.m2/repository/org/codehaus/mojo/animal-sniffer-annotations/1.14/animal-sniffer-annotations-1.14.jar:/Users/rahul.kant/.m2/repository/com/google/api-client/google-api-client-appengine/1.23.0/google-api-client-appengine-1.23.0.jar:/Users/rahul.kant/.m2/repository/com/google/oauth-client/google-oauth-client-appengine/1.23.0/google-oauth-client-appengine-1.23.0.jar:/Users/rahul.kant/.m2/repository/com/google/oauth-client/google-oauth-client/1.23.0/google-oauth-client-1.23.0.jar:/Users/rahul.kant/.m2/repository/com/google/oauth-client/google-oauth-client-servlet/1.23.0/google-oauth-client-servlet-1.23.0.jar:/Users/rahul.kant/.m2/repository/com/google/http-client/google-http-client-jdo/1.23.0/google-http-client-jdo-1.23.0.jar:/Users/rahul.kant/.m2/repository/com/google/api-client/google-api-client/1.23.0/google-api-client-1.23.0.jar:/Users/rahul.kant/.m2/repository/com/google/http-client/google-http-client-jackson2/1.23.0/google-http-client-jackson2-1.23.0.jar:/Users/rahul.kant/.m2/repository/com/fasterxml/jackson/core/jackson-core/2.1.3/jackson-core-2.1.3.jar:/Users/rahul.kant/.m2/repository/com/google/api-client/google-api-client-servlet/1.23.0/google-api-client-servlet-1.23.0.jar:/Users/rahul.kant/.m2/repository/javax/servlet/servlet-api/2.5/servlet-api-2.5.jar:/Users/rahul.kant/.m2/repository/javax/jdo/jdo2-api/2.3-eb/jdo2-api-2.3-eb.jar:/Users/rahul.kant/.m2/repository/javax/transaction/transaction-api/1.1/transaction-api-1.1.jar:/Users/rahul.kant/.m2/repository/com/google/http-client/google-http-client-appengine/1.23.0/google-http-client-appengine-1.23.0.jar:/Users/rahul.kant/.m2/repository/com/google/http-client/google-http-client/1.23.0/google-http-client-1.23.0.jar:"/>
    <property name="sun.cpu.endian" value="little"/>
    <property name="user.home" value="/Users/rahul.kant"/>
    <property name="user.language" value="en"/>
    <property name="java.specification.vendor" value="Oracle Corporation"/>
    <property name="java.version.date" value="2019-01-15"/>
    <property name="java.home" value="/Library/Java/JavaVirtualMachines/jdk-11.0.2.jdk/Contents/Home"/>
    <property name="file.separator" value="/"/>
    <property name="basedir" value="/Users/rahul.kant/eclipse-workspace/MavenDemoTest"/>
    <property name="java.vm.compressedOopsMode" value="Zero based"/>
    <property name="line.separator" value="&#10;"/>
    <property name="java.specification.name" value="Java Platform API Specification"/>
    <property name="java.vm.specification.vendor" value="Oracle Corporation"/>
    <property name="java.awt.graphicsenv" value="sun.awt.CGraphicsEnvironment"/>
    <property name="surefire.real.class.path" value="/Users/rahul.kant/eclipse-workspace/MavenDemoTest/target/surefire/surefirebooter12314316372613386572.jar"/>
    <property name="sun.management.compiler" value="HotSpot 64-Bit Tiered Compilers"/>
    <property name="java.runtime.version" value="11.0.2+9-LTS"/>
    <property name="user.name" value="rahul.kant"/>
    <property name="path.separator" value=":"/>
    <property name="os.version" value="10.14.6"/>
    <property name="java.runtime.name" value="Java(TM) SE Runtime Environment"/>
    <property name="file.encoding" value="UTF-8"/>
    <property name="sun.nio.ch.bugLevel" value=""/>
    <property name="java.vm.name" value="Java HotSpot(TM) 64-Bit Server VM"/>
    <property name="java.vendor.version" value="18.9"/>
    <property name="localRepository" value="/Users/rahul.kant/.m2/repository"/>
    <property name="java.vendor.url.bug" value="http://bugreport.java.com/bugreport/"/>
    <property name="java.io.tmpdir" value="/var/folders/wy/f7w9pc7d3x75m0hg928_zp45lsrzj6/T/"/>
    <property name="java.version" value="11.0.2"/>
    <property name="user.dir" value="/Users/rahul.kant/eclipse-workspace/MavenDemoTest"/>
    <property name="os.arch" value="x86_64"/>
    <property name="java.vm.specification.name" value="Java Virtual Machine Specification"/>
    <property name="java.awt.printerjob" value="sun.lwawt.macosx.CPrinterJob"/>
    <property name="sun.os.patch.level" value="unknown"/>
    <property name="java.library.path" value="/Users/rahul.kant/Library/Java/Extensions:/Library/Java/Extensions:/Network/Library/Java/Extensions:/System/Library/Java/Extensions:/usr/lib/java:."/>
    <property name="java.vendor" value="Oracle Corporation"/>
    <property name="java.vm.info" value="mixed mode"/>
    <property name="java.vm.version" value="11.0.2+9-LTS"/>
    <property name="sun.io.unicode.encoding" value="UnicodeBig"/>
    <property name="java.class.version" value="55.0"/>
  </properties>
  <testcase name="sum" classname="com.qa.tests.DemoTest" time="7.169"/>
  <testcase name="sub" classname="com.qa.tests.DemoTest" time="0"/>
  <testcase name="div" classname="com.qa.tests.DemoTest" time="0"/>
  <testcase name="multi" classname="com.qa.tests.DemoTest" time="0"/>
  <testcase name="sum" classname="com.qa.tests.DemoTest1" time="2.275"/>
  <testcase name="sub" classname="com.qa.tests.DemoTest1" time="0"/>
  <testcase name="div" classname="com.qa.tests.DemoTest1" time="0.001"/>
  <testcase name="multi" classname="com.qa.tests.DemoTest1" time="0"/>
  <testcase name="sum" classname="com.qa.tests.DemoTest2" time="2.311"/>
  <testcase name="sub" classname="com.qa.tests.DemoTest2" time="0"/>
  <testcase name="div" classname="com.qa.tests.DemoTest2" time="0"/>
  <testcase name="multi" classname="com.qa.tests.DemoTest2" time="0"/>
</testsuite>