<?xml version="1.0" encoding="UTF-8"?>
<!-- Generated by org.testng.reporters.JUnitReportReporter -->
<testsuite hostname="ET-C02WQ0PUG8WN.local" failures="0" tests="4" name="com.qa.tests.DemoTest1" time="2.409" errors="0" timestamp="2020-03-10T21:31:52 IST" skipped="0">
  <testcase classname="com.qa.tests.DemoTest1" name="sum" time="2.396"/>
  <system-out/>
  <testcase classname="com.qa.tests.DemoTest1" name="sub" time="0.011"/>
  <system-out/>
  <testcase classname="com.qa.tests.DemoTest1" name="div" time="0.001"/>
  <system-out/>
  <testcase classname="com.qa.tests.DemoTest1" name="multi" time="0.001"/>
  <system-out/>
</testsuite> <!-- com.qa.tests.DemoTest1 -->
