<?xml version="1.0" encoding="UTF-8"?>
<!-- Generated by org.testng.reporters.JUnitReportReporter -->
<testsuite hostname="ET-C02WQ0PUG8WN.local" failures="0" tests="4" name="com.qa.tests.DemoTest" time="5.289" errors="0" timestamp="2020-03-10T22:28:08 IST" skipped="0">
  <testcase classname="com.qa.tests.DemoTest" name="sum" time="5.285"/>
  <system-out/>
  <testcase classname="com.qa.tests.DemoTest" name="sub" time="0.001"/>
  <system-out/>
  <testcase classname="com.qa.tests.DemoTest" name="div" time="0.001"/>
  <system-out/>
  <testcase classname="com.qa.tests.DemoTest" name="multi" time="0.002"/>
  <system-out/>
</testsuite> <!-- com.qa.tests.DemoTest -->
