<?xml version="1.0" encoding="UTF-8"?>
<!-- Generated by org.testng.reporters.JUnitReportReporter -->
<testsuite hostname="ET-C02WQ0PUG8WN.local" failures="0" tests="4" name="com.qa.tests.DemoTest" time="7.168" errors="0" timestamp="11 Mar 2020 08:26:38 GMT">
  <testcase classname="com.qa.tests.DemoTest" name="sum" time="7.168"/>
  <testcase classname="com.qa.tests.DemoTest" name="sub" time="0.000"/>
  <testcase classname="com.qa.tests.DemoTest" name="div" time="0.000"/>
  <testcase classname="com.qa.tests.DemoTest" name="multi" time="0.000"/>
</testsuite> <!-- com.qa.tests.DemoTest -->
